Traceback (most recent call last):
  File "/opt/anaconda3/envs/pymc_env/lib/python3.11/site-packages/jupyter_cache/executors/utils.py", line 58, in single_nb_execution
    executenb(
  File "/opt/anaconda3/envs/pymc_env/lib/python3.11/site-packages/nbclient/client.py", line 1305, in execute
    return NotebookClient(nb=nb, resources=resources, km=km, **kwargs).execute()
           ^^^^^^^^^^^^^^^^^^^^^^^^^^^^^^^^^^^^^^^^^^^^^^^^^^^^^^^^^^^^^^^^^^^^^
  File "/opt/anaconda3/envs/pymc_env/lib/python3.11/site-packages/jupyter_core/utils/__init__.py", line 165, in wrapped
    return loop.run_until_complete(inner)
           ^^^^^^^^^^^^^^^^^^^^^^^^^^^^^^
  File "/opt/anaconda3/envs/pymc_env/lib/python3.11/asyncio/base_events.py", line 654, in run_until_complete
    return future.result()
           ^^^^^^^^^^^^^^^
  File "/opt/anaconda3/envs/pymc_env/lib/python3.11/site-packages/nbclient/client.py", line 705, in async_execute
    await self.async_execute_cell(
  File "/opt/anaconda3/envs/pymc_env/lib/python3.11/site-packages/nbclient/client.py", line 1058, in async_execute_cell
    await self._check_raise_for_error(cell, cell_index, exec_reply)
  File "/opt/anaconda3/envs/pymc_env/lib/python3.11/site-packages/nbclient/client.py", line 914, in _check_raise_for_error
    raise CellExecutionError.from_cell_and_msg(cell, exec_reply_content)
nbclient.exceptions.CellExecutionError: An error occurred while executing the following cell:
------------------
suppressPackageStartupMessages({
    library("tidyverse")
    library("here")
    library("psych")
    library("rio")
    library("semTools")
    library("lme4") # for multilevel models
    library("tidyr") # for data management
})
# https://quantdev.ssri.psu.edu/sites/qdev/files/BL_CH7_2019_0602.html
------------------


Error in library("rio"): non c'è alcun pacchetto chiamato ‘rio’
Traceback:

1. suppressPackageStartupMessages({
 .     library("tidyverse")
 .     library("here")
 .     library("psych")
 .     library("rio")
 .     library("semTools")
 .     library("lme4")
 .     library("tidyr")
 . })
2. withCallingHandlers(expr, packageStartupMessage = function(c) tryInvokeRestart("muffleMessage"))
3. library("rio")   # at line 5 of file <text>

