Traceback (most recent call last):
  File "/Users/corrado/mambaforge/envs/pymc_env/lib/python3.11/site-packages/jupyter_cache/executors/utils.py", line 58, in single_nb_execution
    executenb(
  File "/Users/corrado/mambaforge/envs/pymc_env/lib/python3.11/site-packages/nbclient/client.py", line 1204, in execute
    return NotebookClient(nb=nb, resources=resources, km=km, **kwargs).execute()
           ^^^^^^^^^^^^^^^^^^^^^^^^^^^^^^^^^^^^^^^^^^^^^^^^^^^^^^^^^^^^^^^^^^^^^
  File "/Users/corrado/mambaforge/envs/pymc_env/lib/python3.11/site-packages/nbclient/util.py", line 84, in wrapped
    return just_run(coro(*args, **kwargs))
           ^^^^^^^^^^^^^^^^^^^^^^^^^^^^^^^
  File "/Users/corrado/mambaforge/envs/pymc_env/lib/python3.11/site-packages/nbclient/util.py", line 62, in just_run
    return loop.run_until_complete(coro)
           ^^^^^^^^^^^^^^^^^^^^^^^^^^^^^
  File "/Users/corrado/mambaforge/envs/pymc_env/lib/python3.11/asyncio/base_events.py", line 653, in run_until_complete
    return future.result()
           ^^^^^^^^^^^^^^^
  File "/Users/corrado/mambaforge/envs/pymc_env/lib/python3.11/site-packages/nbclient/client.py", line 663, in async_execute
    await self.async_execute_cell(
  File "/Users/corrado/mambaforge/envs/pymc_env/lib/python3.11/site-packages/nbclient/client.py", line 965, in async_execute_cell
    await self._check_raise_for_error(cell, cell_index, exec_reply)
  File "/Users/corrado/mambaforge/envs/pymc_env/lib/python3.11/site-packages/nbclient/client.py", line 862, in _check_raise_for_error
    raise CellExecutionError.from_cell_and_msg(cell, exec_reply_content)
nbclient.exceptions.CellExecutionError: An error occurred while executing the following cell:
------------------
# Define a function for formatting numbers
comma <- function(x, d = 2) format(x, digits = d, big.mark = ",")

suppressPackageStartupMessages({
    library(readxl) # for reading excel data
    library(haven) # for reading SPSS data
    library(ROCit) # for ROC analysis
    library(psych)
    library(tidyverse)
    library(modelsummary) # for summarizing data
})

ggplot2::theme_set(theme(aspect.ratio = height / ((1 + sqrt(5)) / 2 * 7)))

------------------

Error in eval(expr, envir, enclos): object 'height' not found
Traceback:

1. ggplot2::theme_set(theme(aspect.ratio = height/((1 + sqrt(5))/2 * 
 .     7)))
2. theme(aspect.ratio = height/((1 + sqrt(5))/2 * 7))
3. find_args(..., complete = NULL, validate = NULL)
4. mget(args, envir = env)
ERROR: Error in eval(expr, envir, enclos): object 'height' not found


