Traceback (most recent call last):
  File "/Users/corrado/opt/anaconda3/envs/pymc_env/lib/python3.11/site-packages/jupyter_cache/executors/utils.py", line 58, in single_nb_execution
    executenb(
  File "/Users/corrado/opt/anaconda3/envs/pymc_env/lib/python3.11/site-packages/nbclient/client.py", line 1305, in execute
    return NotebookClient(nb=nb, resources=resources, km=km, **kwargs).execute()
           ^^^^^^^^^^^^^^^^^^^^^^^^^^^^^^^^^^^^^^^^^^^^^^^^^^^^^^^^^^^^^^^^^^^^^
  File "/Users/corrado/opt/anaconda3/envs/pymc_env/lib/python3.11/site-packages/jupyter_core/utils/__init__.py", line 166, in wrapped
    return loop.run_until_complete(inner)
           ^^^^^^^^^^^^^^^^^^^^^^^^^^^^^^
  File "/Users/corrado/opt/anaconda3/envs/pymc_env/lib/python3.11/asyncio/base_events.py", line 653, in run_until_complete
    return future.result()
           ^^^^^^^^^^^^^^^
  File "/Users/corrado/opt/anaconda3/envs/pymc_env/lib/python3.11/site-packages/nbclient/client.py", line 705, in async_execute
    await self.async_execute_cell(
  File "/Users/corrado/opt/anaconda3/envs/pymc_env/lib/python3.11/site-packages/nbclient/client.py", line 1058, in async_execute_cell
    await self._check_raise_for_error(cell, cell_index, exec_reply)
  File "/Users/corrado/opt/anaconda3/envs/pymc_env/lib/python3.11/site-packages/nbclient/client.py", line 914, in _check_raise_for_error
    raise CellExecutionError.from_cell_and_msg(cell, exec_reply_content)
nbclient.exceptions.CellExecutionError: An error occurred while executing the following cell:
------------------
# Define a function for formatting numbers
comma <- function(x, d = 2) format(x, digits = d, big.mark = ",")

suppressPackageStartupMessages({
    library(readxl) # for reading excel data
    library(haven) # for reading SPSS data
    library(ROCit) # for ROC analysis
    library(psych)
    library(tidyverse)
    library(modelsummary) # for summarizing data
})

options(repr.plot.width = 7, repr.plot.height = 7 / 1.618033988749895)

------------------


Error in library(ROCit): non c'è alcun pacchetto chiamato ‘ROCit’
Traceback:

1. suppressPackageStartupMessages({
 .     library(readxl)
 .     library(haven)
 .     library(ROCit)
 .     library(psych)
 .     library(tidyverse)
 .     library(modelsummary)
 . })
2. withCallingHandlers(expr, packageStartupMessage = function(c) tryInvokeRestart("muffleMessage"))
3. library(ROCit)   # at line 7 of file <text>

