Traceback (most recent call last):
  File "/Users/corrado/opt/anaconda3/envs/pymc_env/lib/python3.11/site-packages/jupyter_cache/executors/utils.py", line 58, in single_nb_execution
    executenb(
  File "/Users/corrado/opt/anaconda3/envs/pymc_env/lib/python3.11/site-packages/nbclient/client.py", line 1305, in execute
    return NotebookClient(nb=nb, resources=resources, km=km, **kwargs).execute()
           ^^^^^^^^^^^^^^^^^^^^^^^^^^^^^^^^^^^^^^^^^^^^^^^^^^^^^^^^^^^^^^^^^^^^^
  File "/Users/corrado/opt/anaconda3/envs/pymc_env/lib/python3.11/site-packages/jupyter_core/utils/__init__.py", line 166, in wrapped
    return loop.run_until_complete(inner)
           ^^^^^^^^^^^^^^^^^^^^^^^^^^^^^^
  File "/Users/corrado/opt/anaconda3/envs/pymc_env/lib/python3.11/asyncio/base_events.py", line 653, in run_until_complete
    return future.result()
           ^^^^^^^^^^^^^^^
  File "/Users/corrado/opt/anaconda3/envs/pymc_env/lib/python3.11/site-packages/nbclient/client.py", line 705, in async_execute
    await self.async_execute_cell(
  File "/Users/corrado/opt/anaconda3/envs/pymc_env/lib/python3.11/site-packages/nbclient/client.py", line 1058, in async_execute_cell
    await self._check_raise_for_error(cell, cell_index, exec_reply)
  File "/Users/corrado/opt/anaconda3/envs/pymc_env/lib/python3.11/site-packages/nbclient/client.py", line 914, in _check_raise_for_error
    raise CellExecutionError.from_cell_and_msg(cell, exec_reply_content)
nbclient.exceptions.CellExecutionError: An error occurred while executing the following cell:
------------------
source("_common.R")
suppressPackageStartupMessages({
    library("lavaan")
    library("semPlot")
    library("knitr")
    library("markdown")
    library("patchwork")
    library("psych")
    library("DT")
    library("kableExtra")
    library("lme4")
    library("lcsm")
    library("tidyr")
    library("stringr")
    library("reshape2")
})

set.seed(42)
------------------


Error in library("ggExtra"): non c'è alcun pacchetto chiamato ‘ggExtra’
Traceback:

1. source("_common.R")
2. withVisible(eval(ei, envir))
3. eval(ei, envir)
4. eval(ei, envir)
5. suppressPackageStartupMessages({
 .     library("here")
 .     library("tidyverse")
 .     library("scales")
 .     library("patchwork")
 .     library("bayesplot")
 .     library("ggExtra")
 .     library("ggpubr")
 .     library("viridis")
 .     library("ggokabeito")
 . })
6. withCallingHandlers(expr, packageStartupMessage = function(c) tryInvokeRestart("muffleMessage"))
7. library("ggExtra")

