Traceback (most recent call last):
  File "/opt/anaconda3/envs/pymc_env/lib/python3.12/site-packages/jupyter_cache/executors/utils.py", line 58, in single_nb_execution
    executenb(
  File "/opt/anaconda3/envs/pymc_env/lib/python3.12/site-packages/nbclient/client.py", line 1314, in execute
    return NotebookClient(nb=nb, resources=resources, km=km, **kwargs).execute()
           ^^^^^^^^^^^^^^^^^^^^^^^^^^^^^^^^^^^^^^^^^^^^^^^^^^^^^^^^^^^^^^^^^^^^^
  File "/opt/anaconda3/envs/pymc_env/lib/python3.12/site-packages/jupyter_core/utils/__init__.py", line 165, in wrapped
    return loop.run_until_complete(inner)
           ^^^^^^^^^^^^^^^^^^^^^^^^^^^^^^
  File "/opt/anaconda3/envs/pymc_env/lib/python3.12/asyncio/base_events.py", line 685, in run_until_complete
    return future.result()
           ^^^^^^^^^^^^^^^
  File "/opt/anaconda3/envs/pymc_env/lib/python3.12/site-packages/nbclient/client.py", line 709, in async_execute
    await self.async_execute_cell(
  File "/opt/anaconda3/envs/pymc_env/lib/python3.12/site-packages/nbclient/client.py", line 1062, in async_execute_cell
    await self._check_raise_for_error(cell, cell_index, exec_reply)
  File "/opt/anaconda3/envs/pymc_env/lib/python3.12/site-packages/nbclient/client.py", line 918, in _check_raise_for_error
    raise CellExecutionError.from_cell_and_msg(cell, exec_reply_content)
nbclient.exceptions.CellExecutionError: An error occurred while executing the following cell:
------------------
# devtools::install_github("alishinski/lavaanPlot")
source("../_common.R")
suppressPackageStartupMessages({
    library("lavaanPlot")
    library("lavaanExtra")
    library("DiagrammeRsvg")
    library("rsvg")
    library("diagram")
})
------------------


Error in library("DiagrammeRsvg"): non c'è alcun pacchetto chiamato ‘DiagrammeRsvg’
Traceback:

1. suppressPackageStartupMessages({
 .     library("lavaanPlot")
 .     library("lavaanExtra")
 .     library("DiagrammeRsvg")
 .     library("rsvg")
 .     library("diagram")
 . })
2. withCallingHandlers(expr, packageStartupMessage = function(c) tryInvokeRestart("muffleMessage"))
3. library("DiagrammeRsvg")   # at line 6 of file <text>

